2026-02-14 16:17:43,135 - INFO - Добавлен инструмент Fender Stratocaster
2026-02-14 16:17:51,678 - INFO - Просмотрена статистика
2026-02-14 16:18:35,742 - INFO - Добавлен инструмент Gibson Les Paul
2026-02-14 16:19:24,845 - INFO - Добавлен инструмент Yamaha Acoustic Guitar
2026-02-14 16:19:51,772 - INFO - Добавлен инструмент Ibanez Bass Guitar
2026-02-14 16:20:19,996 - INFO - Добавлен инструмент Yamaha Grand Piano
2026-02-14 16:20:45,906 - INFO - Добавлен инструмент Casio DIgital Piano
2026-02-14 16:21:03,112 - INFO - Просмотрена статистика
2026-02-14 16:21:06,139 - INFO - Просмотрена статистика
2026-02-14 16:21:36,111 - INFO - Просмотрена статистика
2026-02-14 16:24:29,241 - INFO - Добавлен инструмент Pearl Drum Set
2026-02-14 16:24:48,160 - INFO - Просмотрена статистика
2026-02-14 16:24:51,531 - INFO - Создана резервная копия
2026-02-14 16:26:45,515 - INFO - Добавлен инструмент Yamaha Drm400
2026-02-14 16:26:52,867 - INFO - Просмотрена статистика
2026-02-18 16:44:04,349 - INFO - Сформированы отчеты
2026-02-18 16:44:09,866 - INFO - Сформированы отчеты
2026-02-18 18:38:05,659 - INFO - Сформированы отчеты
2026-02-19 09:14:58,967 - INFO - Добавлен инструмент Fender Stratocoaster
2026-02-19 09:15:25,640 - INFO - Добавлен инструмент Fender Stratocoaster
2026-02-19 09:17:12,930 - INFO - Добавлен инструмент Fender Stratocoaster
2026-02-19 09:48:44,323 - INFO - Обновлен инструмент ID 2
2026-02-19 09:50:30,443 - INFO - Сформированы отчеты
2026-02-22 14:35:18,311 - INFO - Удален инструмент ID 1
2026-02-22 14:35:25,633 - INFO - Создана резервная копия
2026-02-23 14:30:19,757 - INFO - Удален инструмент ID 3
2026-02-23 14:30:25,439 - INFO - Удален инструмент ID 2
2026-02-24 20:15:19,647 - INFO - \u2705 Пользователь Иванов Иван вошёл в систему
2026-02-24 20:34:34,370 - INFO - \u2705 Пользователь Иванов Иван вошёл в систему
2026-02-24 20:34:53,142 - INFO - \u2705 Пользователь Иванов Иван вошёл в систему
2026-02-24 20:35:15,054 - INFO - \u2705 Пользователь Иванов Иван вошёл в систему
2026-02-24 20:36:14,077 - INFO - \u2705 Пользователь Иванов Иван вошёл в систему
2026-02-24 20:36:26,714 - INFO - \u2705 Пользователь Иванов Иван вошёл в систему
2026-02-24 20:46:03,349 - INFO - \u2705 Пользователь Иванов Иван вошёл в систему
2026-02-24 20:47:02,644 - INFO - \u2705 Пользователь Иванов Иван вошёл в систему
2026-02-25 11:41:02,922 - INFO - \u2705 Пользователь Иванов Иван вошёл в систему
2026-02-25 11:53:56,082 - INFO - \u2705 Иванов Иван вошёл
2026-02-25 11:54:49,464 - INFO - \u2705 Иванов Иван вошёл
2026-02-25 12:06:01,854 - INFO - \u2705 Иванов Иван вошёл
2026-02-25 12:09:12,557 - INFO - \u2705 Иванов Иван вошёл
2026-02-25 12:23:36,538 - INFO - \u2705 Иванов Иван вошёл
2026-02-25 12:41:20,979 - INFO - \u2705 admin@mail.com вошёл
2026-02-25 12:41:50,661 - INFO - \u2705 admin@mail.com вошёл
2026-02-25 13:08:17,042 - INFO - \u2705 admin123@mail.com вошёл
2026-02-26 15:05:48,151 - INFO - \u2705 admin@mail.com вошёл
2026-02-26 15:16:40,509 - INFO - Login: admin@mail.com
2026-02-26 15:17:46,537 - INFO - Login: admin@mail.com
2026-02-26 15:19:51,474 - INFO - Login: admin@mail.com
2026-02-27 12:25:01,583 - INFO - Login: Иванов Иван (manager)
2026-02-27 12:26:01,743 - INFO - Login: Иванов Иван (manager)
2026-02-27 12:26:34,923 - INFO - Login: Иванов Иван (manager)
2026-02-27 12:31:18,746 - INFO - Login: Иванов Иван (manager)
2026-02-27 13:06:59,428 - INFO - Login: Иванов Иван Петрович (manager)
2026-03-02 12:39:03,595 - INFO - Login: Кузнецов Николай Васильевич (admin)
2026-03-02 12:40:06,166 - INFO - Login: Кузнецов Николай Васильевич (admin)
2026-03-02 12:44:18,137 - INFO - Login: Кузнецов Николай Васильевич (admin)
2026-03-02 12:45:07,809 - INFO - Login: Кузнецов Николай Васильевич (admin)
2026-03-02 12:46:15,354 - INFO - Login: Кузнецов Николай Васильевич (admin)
2026-03-02 12:47:42,062 - INFO - Login: Кузнецов Николай Васильевич (admin)
2026-03-02 12:48:32,250 - INFO - Login: Кузнецов Николай Васильевич (admin)
2026-03-08 17:01:36,312 - INFO - Login: Иванов Иван Петрович (manager)
2026-03-08 17:02:49,415 - INFO - Login: Иванов Иван Петрович (manager)
2026-03-08 17:08:09,706 - INFO - Login: Иванов Иван Петрович (manager)
2026-03-08 17:11:40,127 - INFO - Login: Иванов Иван Петрович (manager)
2026-03-08 17:13:04,999 - INFO - Login: Иванов Иван Петрович (manager)
